2025-02-24 22:21:19,202 - INFO - Directorio creado: C:/Users/sam/Desktop/documents\2023
2025-02-24 22:21:19,203 - INFO - Directorio creado: C:/Users/sam/Desktop/documents\2023\10
2025-02-24 22:21:19,203 - INFO - Documento 2022-05-11  Transporte_Carretera_Huelva.pdf movido de C:/Users/sam/Desktop/J\2022-05-11  Transporte_Carretera_Huelva.pdf -> C:/Users/sam/Desktop/documents\2023\10
2025-02-24 22:21:19,204 - INFO - Directorio creado: C:/Users/sam/Desktop/documents\2024
2025-02-24 22:21:19,205 - INFO - Directorio creado: C:/Users/sam/Desktop/documents\2024\10
2025-02-24 22:21:19,206 - ERROR - Error: el archivo 'clave_de_acceso.txt' no se puede mover porque está marcado como solo lectura  
2025-02-24 22:21:19,207 - INFO - Directorio creado: C:/Users/sam/Desktop/documents\2023
2025-02-24 22:21:19,207 - INFO - Directorio creado: C:/Users/sam/Desktop/documents\2023\10
2025-02-24 22:21:19,208 - INFO - Documento Ha\u0301bitos Ato\u0301micos James Clear 1_5012945580029116698.pdf · versio\u0301n 1.pdf movido de C:/Users/sam/Desktop/J\Ha\u0301bitos Ato\u0301micos James Clear 1_5012945580029116698.pdf · versio\u0301n 1.pdf -> C:/Users/sam/Desktop/documents\2023\10
2025-02-24 22:21:19,209 - INFO - Directorio creado: C:/Users/sam/Desktop/documents\2023
2025-02-24 22:21:19,209 - INFO - Directorio creado: C:/Users/sam/Desktop/documents\2023\10
2025-02-24 22:21:19,210 - INFO - Documento I Will Teach You To Be Rich.pdf movido de C:/Users/sam/Desktop/J\I Will Teach You To Be Rich.pdf -> C:/Users/sam/Desktop/documents\2023\10
2025-02-24 22:21:19,211 - INFO - Directorio creado: C:/Users/sam/Desktop/documents\2023
2025-02-24 22:21:19,211 - INFO - Directorio creado: C:/Users/sam/Desktop/documents\2023\10
2025-02-24 22:21:20,260 - INFO - Documento Manual de Reformas de Vehículos Revisión 7.pdf movido de C:/Users/sam/Desktop/J\Manual de Reformas de Vehículos Revisión 7.pdf -> C:/Users/sam/Desktop/documents\2023\10
2025-02-24 22:21:20,261 - INFO - Directorio creado: C:/Users/sam/Desktop/documents\2023
2025-02-24 22:21:20,261 - INFO - Directorio creado: C:/Users/sam/Desktop/documents\2023\09
2025-02-24 22:21:20,262 - INFO - Documento setlist.txt movido de C:/Users/sam/Desktop/J\setlist.txt -> C:/Users/sam/Desktop/documents\2023\09
2025-02-25 21:23:26,279 - INFO - Directorio creado: C:/Users/sam/Desktop/J\.png
2025-02-25 21:23:26,280 - INFO - Directorio creado: C:/Users/sam/Desktop/J\.torrent
2025-02-25 21:23:26,281 - INFO - Directorio creado: C:/Users/sam/Desktop/J\.txt
2025-02-25 21:23:26,281 - INFO - Directorio creado: C:/Users/sam/Desktop/J\.lnk
2025-02-25 21:23:26,281 - INFO - Directorio creado: C:/Users/sam/Desktop/J\.cur
2025-02-25 21:23:26,282 - INFO - Directorio creado: C:/Users/sam/Desktop/J\.url
2025-02-25 21:47:41,360 - INFO - Directorio creado: C:/Users/sam/Desktop/J\.lnk
2025-02-25 21:47:41,361 - INFO - Directorio creado: C:/Users/sam/Desktop/J\.txt
2025-02-25 21:47:41,361 - INFO - Directorio creado: C:/Users/sam/Desktop/J\.cur
2025-02-25 21:47:41,362 - INFO - Directorio creado: C:/Users/sam/Desktop/J\.torrent
2025-02-25 21:47:41,362 - INFO - Directorio creado: C:/Users/sam/Desktop/J\.url
2025-02-25 21:47:41,362 - INFO - Directorio creado: C:/Users/sam/Desktop/J\.png
2025-02-25 21:53:59,755 - INFO - Directorio creado: C:/Users/sam/Desktop/J\.txt
2025-02-25 21:53:59,755 - INFO - Directorio creado: C:/Users/sam/Desktop/J\.cur
2025-02-25 21:53:59,756 - INFO - Directorio creado: C:/Users/sam/Desktop/J\.lnk
2025-02-25 21:53:59,756 - INFO - Directorio creado: C:/Users/sam/Desktop/J\.url
2025-02-25 21:53:59,756 - INFO - Directorio creado: C:/Users/sam/Desktop/J\.torrent
2025-02-25 21:53:59,757 - INFO - Directorio creado: C:/Users/sam/Desktop/J\.png
2025-02-25 21:55:01,314 - INFO - Directorio creado: C:/Users/sam/Desktop/J\.url
2025-02-25 21:55:01,315 - INFO - Directorio creado: C:/Users/sam/Desktop/J\.png
2025-02-25 21:55:01,315 - INFO - Directorio creado: C:/Users/sam/Desktop/J\.txt
2025-02-25 21:55:01,315 - INFO - Directorio creado: C:/Users/sam/Desktop/J\.lnk
2025-02-25 21:55:01,316 - INFO - Directorio creado: C:/Users/sam/Desktop/J\.torrent
2025-02-25 21:55:01,316 - INFO - Directorio creado: C:/Users/sam/Desktop/J\.cur
2025-02-25 22:01:38,419 - INFO - Directorio creado: C:/Users/sam/Desktop/J\.txt
2025-02-25 22:01:38,419 - INFO - Directorio creado: C:/Users/sam/Desktop/J\.lnk
2025-02-25 22:01:38,420 - INFO - Directorio creado: C:/Users/sam/Desktop/J\.url
2025-02-25 22:01:38,420 - INFO - Directorio creado: C:/Users/sam/Desktop/J\.cur
2025-02-25 22:01:38,421 - INFO - Directorio creado: C:/Users/sam/Desktop/J\.png
2025-02-25 22:01:38,421 - INFO - Directorio creado: C:/Users/sam/Desktop/J\.torrent
2025-02-25 23:37:13,817 - INFO - Directorio creado: C:/Users/sam/Desktop/J\.torrent
2025-02-25 23:40:13,030 - INFO - Directorio creado: C:/Users/sam/Desktop/J\.torrent
2025-02-25 23:41:32,039 - INFO - Directorio creado: C:/Users/sam/Desktop/J\.torrent
2025-02-25 23:42:34,485 - INFO - Directorio creado: C:/Users/sam/Desktop/J\.torrent
2025-02-27 19:07:52,528 - INFO - Directorio creado: C:/Users/sam/Desktop/J\.torrent
2025-02-27 19:07:52,529 - INFO - Documento movido de C:/Users/sam/Desktop/J\v296.5968.49.0.0.2.69365.AquiyAhoraTOR.torrent -> C:/Users/sam/Desktop/J\.torrent
2025-02-27 23:43:43,003 - INFO - Directorio creado: C:\Users\sam\Desktop\J\.torrent
2025-02-27 23:43:43,006 - INFO - Documento movido de C:\Users\sam\Desktop\J\Horizontal Resize.cur -> C:\Users\sam\Desktop\J\.cur
2025-02-27 23:43:43,007 - INFO - Documento movido de C:\Users\sam\Desktop\J\Sin-nombre.cur -> C:\Users\sam\Desktop\J\.cur
2025-02-27 23:43:43,008 - INFO - Documento movido de C:\Users\sam\Desktop\J\tareas.txt -> C:\Users\sam\Desktop\J\.txt
2025-02-27 23:43:43,009 - INFO - Documento movido de C:\Users\sam\Desktop\J\v296.5968.49.0.0.2.69365.AquiyAhoraTOR.torrent -> C:\Users\sam\Desktop\J\.torrent
